<?xml version="1.0" encoding="UTF-8"?>
<!-- Generated by org.testng.reporters.JUnitReportReporter -->
<testsuite hostname="Shaheens-iMac.lan" failures="0" tests="14" name="TestAutomation" time="6.882" errors="0" timestamp="25 May 2023 05:47:49 GMT" skipped="0">
  <testcase classname="TestAutomation" name="verifyGetApiIsReturningValidResponse" time="0.556"/>
  <testcase classname="TestAutomation" name="BodyValidation" time="0.130"/>
  <testcase classname="TestAutomation" name="ResponseValidation" time="0.131"/>
  <testcase classname="TestAutomation" name="ValidatePostApi" time="0.533"/>
  <testcase classname="TestAutomation" name="PostApi" time="0.495"/>
  <testcase classname="TestAutomation" name="ValidatePostApiUsingHashMap" time="0.901"/>
  <testcase classname="TestAutomation" name="PostComplexApi" time="0.344"/>
  <testcase classname="TestAutomation" name="CreateComplex_post_Api" time="0.401"/>
  <testcase classname="TestAutomation" name="getAllDataofAuthor" time="0.698"/>
  <testcase classname="TestAutomation" name="ValidateGetStatusCode" time="0.540"/>
  <testcase classname="TestAutomation" name="ValidateResponseBodyOfBooks" time="0.559"/>
  <testcase classname="TestAutomation" name="PostAuthors" time="0.561"/>
  <testcase classname="TestAutomation" name="CreatePostAddingBooks" time="0.551"/>
  <testcase classname="TestAutomation" name="ModifyUsingPut" time="0.482"/>
</testsuite> <!-- TestAutomation -->
