<?xml version="1.0" encoding="UTF-8"?>
<!-- Generated by org.testng.reporters.JUnitReportReporter -->
<testsuite hostname="Shaheens-iMac.lan" failures="0" tests="1" name="postApi" time="2.903" errors="0" timestamp="25 May 2023 05:47:49 GMT" skipped="0">
  <testcase classname="postApi" name="ValidatePostApi" time="2.903"/>
</testsuite> <!-- postApi -->
